Arguments: 
  /usr/local/bin/node /Users/xucongye/.yarn/releases/yarn-1.22.19.cjs add @types/inquirer -D

PATH: 
  /Users/xucongye/Library/pnpm:/usr/local/bin:/usr/bin:/bin:/usr/sbin:/sbin:/Users/xucongye/Library/pnpm:/usr/local/mysql/bin:/usr/local/mysql/bin

Yarn version: 
  1.22.19

Node version: 
  18.14.2

Platform: 
  darwin x64

Trace: 
  Error: ENOENT: no such file or directory, copyfile '/Users/xucongye/Library/Caches/Yarn/v6/npm-estraverse-4.3.0-398ad3f3c5a24948be7725e83d11a7de28cdbd1d-integrity/node_modules/estraverse/.jshintrc' -> '/Users/xucongye/ms/ts-utils/node_modules/@typescript-eslint/utils/node_modules/estraverse/.jshintrc'

npm manifest: 
  {
    "name": "ts-utils",
    "version": "1.0.0",
    "description": "",
    "main": "index.js",
    "type": "module",
    "scripts": {
      "test": "jest --coverage"
    },
    "keywords": [],
    "author": "",
    "license": "ISC",
    "devDependencies": {
      "@types/jest": "^29.4.0",
      "@types/node": "^18.14.6",
      "@typescript-eslint/eslint-plugin": "^5.52.0",
      "@typescript-eslint/parser": "^5.52.0",
      "commander": "^10.0.0",
      "eslint": "^8.34.0",
      "eslint-config-prettier": "^8.6.0",
      "eslint-plugin-prettier": "^4.2.1",
      "inquirer": "^9.1.4",
      "jest": "^29.4.3",
      "prettier": "^2.8.4",
      "ts-jest": "^29.0.5",
      "ts-node": "^10.9.1",
      "typescript": "^4.9.5"
    },
    "bin": {
      "cytsui": "./src/cli/command.ts"
    }
  }

yarn manifest: 
  No manifest

Lockfile: 
  No lockfile
